TN:
SF:contracts/vault/VaultContract.js
FN:18,(anonymous_0)
FN:32,(anonymous_1)
FN:69,(anonymous_2)
FN:131,(anonymous_3)
FN:198,(anonymous_4)
FN:211,(anonymous_5)
FN:225,(anonymous_6)
FN:244,(anonymous_7)
FN:263,(anonymous_8)
FN:311,(anonymous_9)
FN:353,(anonymous_10)
FN:361,(anonymous_11)
FNF:12
FNH:11
FNDA:1,(anonymous_0)
FNDA:1,(anonymous_1)
FNDA:16,(anonymous_2)
FNDA:2,(anonymous_3)
FNDA:3,(anonymous_4)
FNDA:4,(anonymous_5)
FNDA:1,(anonymous_6)
FNDA:1,(anonymous_7)
FNDA:0,(anonymous_8)
FNDA:2,(anonymous_9)
FNDA:2,(anonymous_10)
FNDA:18,(anonymous_11)
DA:9,1
DA:10,1
DA:19,1
DA:20,1
DA:21,1
DA:22,1
DA:23,1
DA:24,1
DA:25,1
DA:26,1
DA:33,1
DA:34,1
DA:37,1
DA:42,1
DA:45,1
DA:46,1
DA:47,1
DA:49,1
DA:50,1
DA:52,1
DA:58,0
DA:59,0
DA:70,16
DA:71,16
DA:72,1
DA:75,15
DA:76,0
DA:79,15
DA:81,15
DA:82,15
DA:85,15
DA:88,15
DA:97,14
DA:100,14
DA:101,14
DA:102,14
DA:103,14
DA:105,14
DA:107,14
DA:108,14
DA:109,14
DA:111,14
DA:120,2
DA:121,2
DA:132,2
DA:133,2
DA:134,0
DA:137,2
DA:138,0
DA:141,2
DA:142,2
DA:143,2
DA:145,2
DA:146,1
DA:149,1
DA:150,1
DA:153,1
DA:156,1
DA:165,1
DA:166,1
DA:169,1
DA:170,0
DA:171,0
DA:174,1
DA:175,1
DA:176,1
DA:178,1
DA:187,1
DA:188,1
DA:199,3
DA:212,4
DA:213,4
DA:215,4
DA:226,1
DA:227,1
DA:228,1
DA:229,1
DA:234,0
DA:245,1
DA:246,1
DA:247,1
DA:248,1
DA:253,0
DA:264,0
DA:265,0
DA:266,0
DA:269,0
DA:270,0
DA:273,0
DA:276,0
DA:278,0
DA:287,0
DA:288,0
DA:289,0
DA:291,0
DA:293,0
DA:300,0
DA:301,0
DA:312,2
DA:313,2
DA:316,2
DA:318,2
DA:319,2
DA:328,0
DA:329,0
DA:335,0
DA:343,0
DA:354,2
DA:356,2
DA:361,18
DA:368,1
LF:111
LH:83
BRDA:71,0,0,1
BRDA:71,0,1,15
BRDA:75,1,0,0
BRDA:75,1,1,15
BRDA:101,2,0,14
BRDA:101,2,1,0
BRDA:133,3,0,0
BRDA:133,3,1,2
BRDA:137,4,0,0
BRDA:137,4,1,2
BRDA:143,5,0,2
BRDA:143,5,1,1
BRDA:145,6,0,1
BRDA:145,6,1,1
BRDA:169,7,0,0
BRDA:169,7,1,1
BRDA:183,8,0,1
BRDA:183,8,1,0
BRDA:213,9,0,4
BRDA:213,9,1,0
BRDA:226,10,0,1
BRDA:226,10,1,0
BRDA:245,11,0,1
BRDA:245,11,1,0
BRDA:265,12,0,0
BRDA:265,12,1,0
BRDA:269,13,0,0
BRDA:269,13,1,0
BRDA:318,14,0,2
BRDA:318,14,1,0
BRDA:328,15,0,0
BRDA:328,15,1,0
BRDA:359,16,0,2
BRDA:359,16,1,0
BRDA:360,17,0,2
BRDA:360,17,1,0
BRF:36
BRH:18
end_of_record
